<html>
<head>
<title>TestNG:  FireFox Test</title>
<link href="../testng.css" rel="stylesheet" type="text/css" />
<link href="../my-testng.css" rel="stylesheet" type="text/css" />

<style type="text/css">
.log { display: none;} 
.stack-trace { display: none;} 
</style>
<script type="text/javascript">
<!--
function flip(e) {
  current = e.style.display;
  if (current == 'block') {
    e.style.display = 'none';
    return 0;
  }
  else {
    e.style.display = 'block';
    return 1;
  }
}

function toggleBox(szDivId, elem, msg1, msg2)
{
  var res = -1;  if (document.getElementById) {
    res = flip(document.getElementById(szDivId));
  }
  else if (document.all) {
    // this is the way old msie versions work
    res = flip(document.all[szDivId]);
  }
  if(elem) {
    if(res == 0) elem.innerHTML = msg1; else elem.innerHTML = msg2;
  }

}

function toggleAllBoxes() {
  if (document.getElementsByTagName) {
    d = document.getElementsByTagName('div');
    for (i = 0; i < d.length; i++) {
      if (d[i].className == 'log') {
        flip(d[i]);
      }
    }
  }
}

// -->
</script>

</head>
<body>
<h2 align='center'>FireFox Test</h2><table border='1' align="center">
<tr>
<td>Tests passed/Failed/Skipped:</td><td>11/2/0</td>
</tr><tr>
<td>Started on:</td><td>Mon Feb 01 14:22:00 ICT 2021</td>
</tr>
<tr><td>Total time:</td><td>186 seconds (186920 ms)</td>
</tr><tr>
<td>Included groups:</td><td></td>
</tr><tr>
<td>Excluded groups:</td><td></td>
</tr>
</table><p/>
<small><i>(Hover the method name to see the test class name)</i></small><p/>
<table width='100%' border='1' class='invocation-failed'>
<tr><td colspan='4' align='center'><b>FAILED TESTS</b></td></tr>
<tr><td><b>Test method</b></td>
<td width="30%"><b>Exception</b></td>
<td width="10%"><b>Time (seconds)</b></td>
<td><b>Instance</b></td>
</tr>
<tr>
<td title='railway.TC05_LoginSeveralTimeWithWrongPassword.TC05()'><b>TC05</b><br>Test class: railway.TC05_LoginSeveralTimeWithWrongPassword<br>Parameters: {expectedMessage=You have used 4 out of 5 login attempts. After all 5 have been used, you will be unable to login for 15 minutes.}</td>
<td><div><pre>java.lang.AssertionError: expected [You have used 4 out of 5 login attempts. After all 5 have been used, you will be unable to login for 15 minutes.] but found [Invalid username or password. Please try again.]
	at railway.TC05_LoginSeveralTimeWithWrongPassword.TC05(TC05_LoginSeveralTimeWithWrongPassword.java:27)
	at java.util.ArrayList.forEach(ArrayList.java:1259)
	at com.intellij.rt.testng.IDEARemoteTestNG.run(IDEARemoteTestNG.java:66)
	at com.intellij.rt.testng.RemoteTestNGStarter.main(RemoteTestNGStarter.java:109)
... Removed 29 stack frames</pre></div><a href='#' onClick='toggleBox("stack-trace211649273", this, "Click to show all stack frames", "Click to hide stack frames")'>Click to show all stack frames</a>
<div class='stack-trace' id='stack-trace211649273'><pre>java.lang.AssertionError: expected [You have used 4 out of 5 login attempts. After all 5 have been used, you will be unable to login for 15 minutes.] but found [Invalid username or password. Please try again.]
	at org.testng.Assert.fail(Assert.java:97)
	at org.testng.Assert.assertEqualsImpl(Assert.java:136)
	at org.testng.Assert.assertEquals(Assert.java:118)
	at org.testng.Assert.assertEquals(Assert.java:575)
	at org.testng.Assert.assertEquals(Assert.java:585)
	at railway.TC05_LoginSeveralTimeWithWrongPassword.TC05(TC05_LoginSeveralTimeWithWrongPassword.java:27)
	at sun.reflect.NativeMethodAccessorImpl.invoke0(Native Method)
	at sun.reflect.NativeMethodAccessorImpl.invoke(NativeMethodAccessorImpl.java:62)
	at sun.reflect.DelegatingMethodAccessorImpl.invoke(DelegatingMethodAccessorImpl.java:43)
	at java.lang.reflect.Method.invoke(Method.java:498)
	at org.testng.internal.MethodInvocationHelper.invokeMethod(MethodInvocationHelper.java:134)
	at org.testng.internal.TestInvoker.invokeMethod(TestInvoker.java:597)
	at org.testng.internal.TestInvoker.invokeTestMethod(TestInvoker.java:173)
	at org.testng.internal.MethodRunner.runInSequence(MethodRunner.java:46)
	at org.testng.internal.TestInvoker$MethodInvocationAgent.invoke(TestInvoker.java:816)
	at org.testng.internal.TestInvoker.invokeTestMethods(TestInvoker.java:146)
	at org.testng.internal.TestMethodWorker.invokeTestMethods(TestMethodWorker.java:146)
	at org.testng.internal.TestMethodWorker.run(TestMethodWorker.java:128)
	at java.util.ArrayList.forEach(ArrayList.java:1259)
	at org.testng.TestRunner.privateRun(TestRunner.java:766)
	at org.testng.TestRunner.run(TestRunner.java:587)
	at org.testng.SuiteRunner.runTest(SuiteRunner.java:384)
	at org.testng.SuiteRunner.runSequentially(SuiteRunner.java:378)
	at org.testng.SuiteRunner.privateRun(SuiteRunner.java:337)
	at org.testng.SuiteRunner.run(SuiteRunner.java:286)
	at org.testng.SuiteRunnerWorker.runSuite(SuiteRunnerWorker.java:53)
	at org.testng.SuiteRunnerWorker.run(SuiteRunnerWorker.java:96)
	at org.testng.TestNG.runSuitesSequentially(TestNG.java:1187)
	at org.testng.TestNG.runSuitesLocally(TestNG.java:1109)
	at org.testng.TestNG.runSuites(TestNG.java:1039)
	at org.testng.TestNG.run(TestNG.java:1007)
	at com.intellij.rt.testng.IDEARemoteTestNG.run(IDEARemoteTestNG.java:66)
	at com.intellij.rt.testng.RemoteTestNGStarter.main(RemoteTestNGStarter.java:109)
</pre></div></td>
<td>6</td>
<td>railway.TC05_LoginSeveralTimeWithWrongPassword@6e1567f1</td></tr>
<tr>
<td title='railway.TC05_LoginSeveralTimeWithWrongPassword.TC05()'><b>TC05</b><br>Test class: railway.TC05_LoginSeveralTimeWithWrongPassword<br>Parameters: {expectedMessage=You have used 4 out of 5 login attempts. After all 5 have been used, you will be unable to login for 15 minutes.}</td>
<td><div><pre>java.lang.AssertionError: expected [You have used 4 out of 5 login attempts. After all 5 have been used, you will be unable to login for 15 minutes.] but found [Invalid username or password. Please try again.]
	at railway.TC05_LoginSeveralTimeWithWrongPassword.TC05(TC05_LoginSeveralTimeWithWrongPassword.java:27)
	at java.util.ArrayList.forEach(ArrayList.java:1259)
	at com.intellij.rt.testng.IDEARemoteTestNG.run(IDEARemoteTestNG.java:66)
	at com.intellij.rt.testng.RemoteTestNGStarter.main(RemoteTestNGStarter.java:109)
... Removed 29 stack frames</pre></div><a href='#' onClick='toggleBox("stack-trace709671086", this, "Click to show all stack frames", "Click to hide stack frames")'>Click to show all stack frames</a>
<div class='stack-trace' id='stack-trace709671086'><pre>java.lang.AssertionError: expected [You have used 4 out of 5 login attempts. After all 5 have been used, you will be unable to login for 15 minutes.] but found [Invalid username or password. Please try again.]
	at org.testng.Assert.fail(Assert.java:97)
	at org.testng.Assert.assertEqualsImpl(Assert.java:136)
	at org.testng.Assert.assertEquals(Assert.java:118)
	at org.testng.Assert.assertEquals(Assert.java:575)
	at org.testng.Assert.assertEquals(Assert.java:585)
	at railway.TC05_LoginSeveralTimeWithWrongPassword.TC05(TC05_LoginSeveralTimeWithWrongPassword.java:27)
	at sun.reflect.NativeMethodAccessorImpl.invoke0(Native Method)
	at sun.reflect.NativeMethodAccessorImpl.invoke(NativeMethodAccessorImpl.java:62)
	at sun.reflect.DelegatingMethodAccessorImpl.invoke(DelegatingMethodAccessorImpl.java:43)
	at java.lang.reflect.Method.invoke(Method.java:498)
	at org.testng.internal.MethodInvocationHelper.invokeMethod(MethodInvocationHelper.java:134)
	at org.testng.internal.TestInvoker.invokeMethod(TestInvoker.java:597)
	at org.testng.internal.TestInvoker.invokeTestMethod(TestInvoker.java:173)
	at org.testng.internal.MethodRunner.runInSequence(MethodRunner.java:46)
	at org.testng.internal.TestInvoker$MethodInvocationAgent.invoke(TestInvoker.java:816)
	at org.testng.internal.TestInvoker.invokeTestMethods(TestInvoker.java:146)
	at org.testng.internal.TestMethodWorker.invokeTestMethods(TestMethodWorker.java:146)
	at org.testng.internal.TestMethodWorker.run(TestMethodWorker.java:128)
	at java.util.ArrayList.forEach(ArrayList.java:1259)
	at org.testng.TestRunner.privateRun(TestRunner.java:766)
	at org.testng.TestRunner.run(TestRunner.java:587)
	at org.testng.SuiteRunner.runTest(SuiteRunner.java:384)
	at org.testng.SuiteRunner.runSequentially(SuiteRunner.java:378)
	at org.testng.SuiteRunner.privateRun(SuiteRunner.java:337)
	at org.testng.SuiteRunner.run(SuiteRunner.java:286)
	at org.testng.SuiteRunnerWorker.runSuite(SuiteRunnerWorker.java:53)
	at org.testng.SuiteRunnerWorker.run(SuiteRunnerWorker.java:96)
	at org.testng.TestNG.runSuitesSequentially(TestNG.java:1187)
	at org.testng.TestNG.runSuitesLocally(TestNG.java:1109)
	at org.testng.TestNG.runSuites(TestNG.java:1039)
	at org.testng.TestNG.run(TestNG.java:1007)
	at com.intellij.rt.testng.IDEARemoteTestNG.run(IDEARemoteTestNG.java:66)
	at com.intellij.rt.testng.RemoteTestNGStarter.main(RemoteTestNGStarter.java:109)
</pre></div></td>
<td>6</td>
<td>railway.TC05_LoginSeveralTimeWithWrongPassword@78c03f1f</td></tr>
<tr>
<td title='railway.TC08_LoginWithAnUnactivedAccount.TC08()'><b>TC08</b><br>Test class: railway.TC08_LoginWithAnUnactivedAccount<br>Parameters: {expectedMessage=Invalid username or password. Please try again.}</td>
<td><div><pre>java.lang.AssertionError: Error message is not displayed expected [true] but found [false]
	at railway.TC08_LoginWithAnUnactivedAccount.TC08(TC08_LoginWithAnUnactivedAccount.java:34)
	at java.util.ArrayList.forEach(ArrayList.java:1259)
	at com.intellij.rt.testng.IDEARemoteTestNG.run(IDEARemoteTestNG.java:66)
	at com.intellij.rt.testng.RemoteTestNGStarter.main(RemoteTestNGStarter.java:109)
... Removed 27 stack frames</pre></div><a href='#' onClick='toggleBox("stack-trace1517266286", this, "Click to show all stack frames", "Click to hide stack frames")'>Click to show all stack frames</a>
<div class='stack-trace' id='stack-trace1517266286'><pre>java.lang.AssertionError: Error message is not displayed expected [true] but found [false]
	at org.testng.Assert.fail(Assert.java:97)
	at org.testng.Assert.failNotEquals(Assert.java:969)
	at org.testng.Assert.assertTrue(Assert.java:43)
	at railway.TC08_LoginWithAnUnactivedAccount.TC08(TC08_LoginWithAnUnactivedAccount.java:34)
	at sun.reflect.NativeMethodAccessorImpl.invoke0(Native Method)
	at sun.reflect.NativeMethodAccessorImpl.invoke(NativeMethodAccessorImpl.java:62)
	at sun.reflect.DelegatingMethodAccessorImpl.invoke(DelegatingMethodAccessorImpl.java:43)
	at java.lang.reflect.Method.invoke(Method.java:498)
	at org.testng.internal.MethodInvocationHelper.invokeMethod(MethodInvocationHelper.java:134)
	at org.testng.internal.TestInvoker.invokeMethod(TestInvoker.java:597)
	at org.testng.internal.TestInvoker.invokeTestMethod(TestInvoker.java:173)
	at org.testng.internal.MethodRunner.runInSequence(MethodRunner.java:46)
	at org.testng.internal.TestInvoker$MethodInvocationAgent.invoke(TestInvoker.java:816)
	at org.testng.internal.TestInvoker.invokeTestMethods(TestInvoker.java:146)
	at org.testng.internal.TestMethodWorker.invokeTestMethods(TestMethodWorker.java:146)
	at org.testng.internal.TestMethodWorker.run(TestMethodWorker.java:128)
	at java.util.ArrayList.forEach(ArrayList.java:1259)
	at org.testng.TestRunner.privateRun(TestRunner.java:766)
	at org.testng.TestRunner.run(TestRunner.java:587)
	at org.testng.SuiteRunner.runTest(SuiteRunner.java:384)
	at org.testng.SuiteRunner.runSequentially(SuiteRunner.java:378)
	at org.testng.SuiteRunner.privateRun(SuiteRunner.java:337)
	at org.testng.SuiteRunner.run(SuiteRunner.java:286)
	at org.testng.SuiteRunnerWorker.runSuite(SuiteRunnerWorker.java:53)
	at org.testng.SuiteRunnerWorker.run(SuiteRunnerWorker.java:96)
	at org.testng.TestNG.runSuitesSequentially(TestNG.java:1187)
	at org.testng.TestNG.runSuitesLocally(TestNG.java:1109)
	at org.testng.TestNG.runSuites(TestNG.java:1039)
	at org.testng.TestNG.run(TestNG.java:1007)
	at com.intellij.rt.testng.IDEARemoteTestNG.run(IDEARemoteTestNG.java:66)
	at com.intellij.rt.testng.RemoteTestNGStarter.main(RemoteTestNGStarter.java:109)
</pre></div></td>
<td>5</td>
<td>railway.TC08_LoginWithAnUnactivedAccount@13805618</td></tr>
<tr>
<td title='railway.TC08_LoginWithAnUnactivedAccount.TC08()'><b>TC08</b><br>Test class: railway.TC08_LoginWithAnUnactivedAccount<br>Parameters: {expectedMessage=Invalid username or password. Please try again.}</td>
<td><div><pre>java.lang.AssertionError: Error message is not displayed expected [true] but found [false]
	at railway.TC08_LoginWithAnUnactivedAccount.TC08(TC08_LoginWithAnUnactivedAccount.java:34)
	at java.util.ArrayList.forEach(ArrayList.java:1259)
	at com.intellij.rt.testng.IDEARemoteTestNG.run(IDEARemoteTestNG.java:66)
	at com.intellij.rt.testng.RemoteTestNGStarter.main(RemoteTestNGStarter.java:109)
... Removed 27 stack frames</pre></div><a href='#' onClick='toggleBox("stack-trace919978702", this, "Click to show all stack frames", "Click to hide stack frames")'>Click to show all stack frames</a>
<div class='stack-trace' id='stack-trace919978702'><pre>java.lang.AssertionError: Error message is not displayed expected [true] but found [false]
	at org.testng.Assert.fail(Assert.java:97)
	at org.testng.Assert.failNotEquals(Assert.java:969)
	at org.testng.Assert.assertTrue(Assert.java:43)
	at railway.TC08_LoginWithAnUnactivedAccount.TC08(TC08_LoginWithAnUnactivedAccount.java:34)
	at sun.reflect.NativeMethodAccessorImpl.invoke0(Native Method)
	at sun.reflect.NativeMethodAccessorImpl.invoke(NativeMethodAccessorImpl.java:62)
	at sun.reflect.DelegatingMethodAccessorImpl.invoke(DelegatingMethodAccessorImpl.java:43)
	at java.lang.reflect.Method.invoke(Method.java:498)
	at org.testng.internal.MethodInvocationHelper.invokeMethod(MethodInvocationHelper.java:134)
	at org.testng.internal.TestInvoker.invokeMethod(TestInvoker.java:597)
	at org.testng.internal.TestInvoker.invokeTestMethod(TestInvoker.java:173)
	at org.testng.internal.MethodRunner.runInSequence(MethodRunner.java:46)
	at org.testng.internal.TestInvoker$MethodInvocationAgent.invoke(TestInvoker.java:816)
	at org.testng.internal.TestInvoker.invokeTestMethods(TestInvoker.java:146)
	at org.testng.internal.TestMethodWorker.invokeTestMethods(TestMethodWorker.java:146)
	at org.testng.internal.TestMethodWorker.run(TestMethodWorker.java:128)
	at java.util.ArrayList.forEach(ArrayList.java:1259)
	at org.testng.TestRunner.privateRun(TestRunner.java:766)
	at org.testng.TestRunner.run(TestRunner.java:587)
	at org.testng.SuiteRunner.runTest(SuiteRunner.java:384)
	at org.testng.SuiteRunner.runSequentially(SuiteRunner.java:378)
	at org.testng.SuiteRunner.privateRun(SuiteRunner.java:337)
	at org.testng.SuiteRunner.run(SuiteRunner.java:286)
	at org.testng.SuiteRunnerWorker.runSuite(SuiteRunnerWorker.java:53)
	at org.testng.SuiteRunnerWorker.run(SuiteRunnerWorker.java:96)
	at org.testng.TestNG.runSuitesSequentially(TestNG.java:1187)
	at org.testng.TestNG.runSuitesLocally(TestNG.java:1109)
	at org.testng.TestNG.runSuites(TestNG.java:1039)
	at org.testng.TestNG.run(TestNG.java:1007)
	at com.intellij.rt.testng.IDEARemoteTestNG.run(IDEARemoteTestNG.java:66)
	at com.intellij.rt.testng.RemoteTestNGStarter.main(RemoteTestNGStarter.java:109)
</pre></div></td>
<td>5</td>
<td>railway.TC08_LoginWithAnUnactivedAccount@5383967b</td></tr>
</table><p>
<table width='100%' border='1' class='invocation-passed'>
<tr><td colspan='4' align='center'><b>PASSED TESTS</b></td></tr>
<tr><td><b>Test method</b></td>
<td width="30%"><b>Exception</b></td>
<td width="10%"><b>Time (seconds)</b></td>
<td><b>Instance</b></td>
</tr>
<tr>
<td title='railway.TC01_LoginWithValidAccount.TC01()'><b>TC01</b><br>Test class: railway.TC01_LoginWithValidAccount</td>
<td></td>
<td>2</td>
<td>railway.TC01_LoginWithValidAccount@27c20538</td></tr>
<tr>
<td title='railway.TC01_LoginWithValidAccount.TC01()'><b>TC01</b><br>Test class: railway.TC01_LoginWithValidAccount</td>
<td></td>
<td>2</td>
<td>railway.TC01_LoginWithValidAccount@4e1d422d</td></tr>
<tr>
<td title='railway.TC02_LoginWithBlankUsername.TC02()'><b>TC02</b><br>Test class: railway.TC02_LoginWithBlankUsername<br>Parameters: {expectedMessage=There was a problem with your login and/or errors exist in your form.}</td>
<td></td>
<td>2</td>
<td>railway.TC02_LoginWithBlankUsername@72d818d1</td></tr>
<tr>
<td title='railway.TC02_LoginWithBlankUsername.TC02()'><b>TC02</b><br>Test class: railway.TC02_LoginWithBlankUsername<br>Parameters: {expectedMessage=There was a problem with your login and/or errors exist in your form.}</td>
<td></td>
<td>2</td>
<td>railway.TC02_LoginWithBlankUsername@66480dd7</td></tr>
<tr>
<td title='railway.TC03_LoginWithInvalidPassword.TC03()'><b>TC03</b><br>Test class: railway.TC03_LoginWithInvalidPassword<br>Parameters: {expectedMessage=Invalid username or password. Please try again.}</td>
<td></td>
<td>2</td>
<td>railway.TC03_LoginWithInvalidPassword@6e06451e</td></tr>
<tr>
<td title='railway.TC03_LoginWithInvalidPassword.TC03()'><b>TC03</b><br>Test class: railway.TC03_LoginWithInvalidPassword<br>Parameters: {expectedMessage=Invalid username or password. Please try again.}</td>
<td></td>
<td>2</td>
<td>railway.TC03_LoginWithInvalidPassword@52a86356</td></tr>
<tr>
<td title='railway.TC04_ContactEmailContainsCorrectHref.TC04()'><b>TC04</b><br>Test class: railway.TC04_ContactEmailContainsCorrectHref<br>Parameters: {expectedHref=mailto:thanh.viet.le@logigear.com}</td>
<td></td>
<td>1</td>
<td>railway.TC04_ContactEmailContainsCorrectHref@59494225</td></tr>
<tr>
<td title='railway.TC04_ContactEmailContainsCorrectHref.TC04()'><b>TC04</b><br>Test class: railway.TC04_ContactEmailContainsCorrectHref<br>Parameters: {expectedHref=mailto:thanh.viet.le@logigear.com}</td>
<td></td>
<td>1</td>
<td>railway.TC04_ContactEmailContainsCorrectHref@5ce81285</td></tr>
<tr>
<td title='railway.TC06_AdditionalPagesDisplayAfterLogin.TC06()'><b>TC06</b><br>Test class: railway.TC06_AdditionalPagesDisplayAfterLogin</td>
<td></td>
<td>2</td>
<td>railway.TC06_AdditionalPagesDisplayAfterLogin@5cb9f472</td></tr>
<tr>
<td title='railway.TC06_AdditionalPagesDisplayAfterLogin.TC06()'><b>TC06</b><br>Test class: railway.TC06_AdditionalPagesDisplayAfterLogin</td>
<td></td>
<td>2</td>
<td>railway.TC06_AdditionalPagesDisplayAfterLogin@5ec0a365</td></tr>
<tr>
<td title='railway.TC07_CreateAcountWithValidData.TC07()'><b>TC07</b><br>Test class: railway.TC07_CreateAcountWithValidData<br>Parameters: {expectedMessage=Registration Confirmed! You can now log in to the site.}</td>
<td></td>
<td>3</td>
<td>railway.TC07_CreateAcountWithValidData@cb644e</td></tr>
<tr>
<td title='railway.TC07_CreateAcountWithValidData.TC07()'><b>TC07</b><br>Test class: railway.TC07_CreateAcountWithValidData<br>Parameters: {expectedMessage=Registration Confirmed! You can now log in to the site.}</td>
<td></td>
<td>3</td>
<td>railway.TC07_CreateAcountWithValidData@4fe3c938</td></tr>
<tr>
<td title='railway.TC10_ResetPasswordWithIncorrectEmail.TC10()'><b>TC10</b><br>Test class: railway.TC10_ResetPasswordWithIncorrectEmail<br>Parameters: {expectedMessage=This email address doesn't exist.}</td>
<td></td>
<td>3</td>
<td>railway.TC10_ResetPasswordWithIncorrectEmail@56ef9176</td></tr>
<tr>
<td title='railway.TC10_ResetPasswordWithIncorrectEmail.TC10()'><b>TC10</b><br>Test class: railway.TC10_ResetPasswordWithIncorrectEmail<br>Parameters: {expectedMessage=This email address doesn't exist.}</td>
<td></td>
<td>3</td>
<td>railway.TC10_ResetPasswordWithIncorrectEmail@2ac273d3</td></tr>
<tr>
<td title='railway.TC11_CreateAcountWithBlankPwdAndPID.TC11()'><b>TC11</b><br>Test class: railway.TC11_CreateAcountWithBlankPwdAndPID<br>Parameters: {expectedRegisterMessage=There're errors in the form. Please correct the errors and try again., expectedPasswordMessage=Invalid password length, expectedPIDMessage=Invalid ID length}</td>
<td></td>
<td>2</td>
<td>railway.TC11_CreateAcountWithBlankPwdAndPID@4566e5bd</td></tr>
<tr>
<td title='railway.TC11_CreateAcountWithBlankPwdAndPID.TC11()'><b>TC11</b><br>Test class: railway.TC11_CreateAcountWithBlankPwdAndPID<br>Parameters: {expectedRegisterMessage=There're errors in the form. Please correct the errors and try again., expectedPasswordMessage=Invalid password length, expectedPIDMessage=Invalid ID length}</td>
<td></td>
<td>2</td>
<td>railway.TC11_CreateAcountWithBlankPwdAndPID@71423665</td></tr>
<tr>
<td title='railway.TC14_BookMore10Ticket.TC14()'><b>TC14</b><br>Test class: railway.TC14_BookMore10Ticket<br>Parameters: {departStation=Huế, expectedTicketAmountMessage=You have booked 10 tickets. You can book no more., expectedBookingMessage=There're errors in the form. Please correct the errors and try again., ticketAmount=1, departDate=2/13/2021, arriveStation=Nha Trang, seatType=Soft seat}</td>
<td></td>
<td>8</td>
<td>railway.TC14_BookMore10Ticket@1ed4004b</td></tr>
<tr>
<td title='railway.TC14_BookMore10Ticket.TC14()'><b>TC14</b><br>Test class: railway.TC14_BookMore10Ticket<br>Parameters: {departStation=Huế, expectedTicketAmountMessage=You have booked 10 tickets. You can book no more., expectedBookingMessage=There're errors in the form. Please correct the errors and try again., ticketAmount=1, departDate=2/13/2021, arriveStation=Nha Trang, seatType=Soft seat}</td>
<td></td>
<td>9</td>
<td>railway.TC14_BookMore10Ticket@20398b7c</td></tr>
<tr>
<td title='railway.TC15_GotoBookTicketPageFromTicketPricePage.TC15()'><b>TC15</b><br>Test class: railway.TC15_GotoBookTicketPageFromTicketPricePage<br>Parameters: {departStation=Đà Nẵng, arriveStation=Quảng Ngãi, seatType=Soft seat with air conditioner}</td>
<td></td>
<td>5</td>
<td>railway.TC15_GotoBookTicketPageFromTicketPricePage@ff5b51f</td></tr>
<tr>
<td title='railway.TC15_GotoBookTicketPageFromTicketPricePage.TC15()'><b>TC15</b><br>Test class: railway.TC15_GotoBookTicketPageFromTicketPricePage<br>Parameters: {departStation=Đà Nẵng, arriveStation=Quảng Ngãi, seatType=Soft seat with air conditioner}</td>
<td></td>
<td>5</td>
<td>railway.TC15_GotoBookTicketPageFromTicketPricePage@6fc6f14e</td></tr>
<tr>
<td title='railway.TC16_CancelTicket.TC16()'><b>TC16</b><br>Test class: railway.TC16_CancelTicket<br>Parameters: {departStation=Quảng Ngãi, ticketAmount=1, departDate=2/13/2021, arriveStation=Huế, seatType=Soft bed}</td>
<td></td>
<td>7</td>
<td>railway.TC16_CancelTicket@25bbe1b6</td></tr>
<tr>
<td title='railway.TC16_CancelTicket.TC16()'><b>TC16</b><br>Test class: railway.TC16_CancelTicket<br>Parameters: {departStation=Quảng Ngãi, ticketAmount=1, departDate=2/13/2021, arriveStation=Huế, seatType=Soft bed}</td>
<td></td>
<td>8</td>
<td>railway.TC16_CancelTicket@56235b8e</td></tr>
</table><p>
</body>
</html>